2024-02-08 14:46:32,655 - INFO - Переможцем(ами) стає Stanis, R2-D2 та кожен з них виграє 100.0.
2024-02-08 14:46:32,655 - INFO - Випала сторона Орел.
2024-02-08 14:46:32,655 - INFO - Ставка гравця Stanis: 100.0
2024-02-08 14:46:32,656 - INFO - Ставка гравця R2-D2: 100.0
2024-02-08 14:46:32,656 - INFO - Депозит гравця Stanis після гри: 1000.0
2024-02-08 14:46:32,656 - INFO - Депозит гравця R2-D2 після гри: 1000.0
2024-02-08 14:46:45,944 - INFO - Переможцем(ами) стає Stanis та кожен з них виграє 200.0.
2024-02-08 14:46:45,945 - INFO - Випала сторона Орел.
2024-02-08 14:46:45,945 - INFO - Ставка гравця Stanis: 100.0
2024-02-08 14:46:45,945 - INFO - Ставка гравця R2-D2: 100.0
2024-02-08 14:46:45,945 - INFO - Депозит гравця Stanis після гри: 1100.0
2024-02-08 14:46:45,946 - INFO - Депозит гравця R2-D2 після гри: 900.0
2024-02-08 14:54:22,832 - INFO - Переможцем(ами) стає Stanis та кожен з них виграє 100.0.
2024-02-08 14:54:22,832 - INFO - Випала сторона Орел.
2024-02-08 14:54:22,832 - INFO - Ставка гравця Stanis: 100.0
2024-02-08 14:54:22,833 - INFO - Ставка гравця R2-D2: 0
2024-02-08 14:54:22,833 - INFO - Депозит гравця Stanis після гри: 1100.0
2024-02-08 14:54:22,833 - INFO - Депозит гравця R2-D2 після гри: 900.0
2024-02-08 14:57:48,479 - INFO - Переможцем(ами) стає Stanis та кожен з них виграє 100.0.
2024-02-08 14:57:48,480 - INFO - Випала сторона Орел.
2024-02-08 14:57:48,480 - INFO - Ставка гравця Stanis: 100.0
2024-02-08 14:57:48,480 - INFO - Ставка гравця R2-D2: 0
2024-02-08 14:57:48,480 - INFO - Депозит гравця Stanis після гри: 1000.0
2024-02-08 14:57:48,480 - INFO - Депозит гравця R2-D2 після гри: 1000.0
2024-02-08 14:59:44,918 - INFO - Переможцем(ами) стає Stanis та кожен з них виграє 100.0.
2024-02-08 14:59:44,918 - INFO - Випала сторона Орел.
2024-02-08 14:59:44,918 - INFO - Ставка гравця Stanis: 100.0
2024-02-08 14:59:44,919 - INFO - Ставка гравця R2-D2: 0
2024-02-08 14:59:44,919 - INFO - Депозит гравця Stanis після гри: 1000.0
2024-02-08 14:59:44,919 - INFO - Депозит гравця R2-D2 після гри: 1000.0
2024-02-08 14:59:55,686 - INFO - Переможцем(ами) стає Stanis та кожен з них виграє 1000.0.
2024-02-08 14:59:55,686 - INFO - Випала сторона Орел.
2024-02-08 14:59:55,686 - INFO - Ставка гравця Stanis: 1000.0
2024-02-08 14:59:55,686 - INFO - Ставка гравця R2-D2: 0
2024-02-08 14:59:55,687 - INFO - Депозит гравця Stanis після гри: 1000.0
2024-02-08 14:59:55,687 - INFO - Депозит гравця R2-D2 після гри: 1000.0
